Jän. 24, 2022 12:20:16 PM at.technikum.logger.LoggerStatic log
INFO: Wizzard can control Orks so they are not able to damage them.
Jän. 24, 2022 12:20:16 PM at.technikum.logger.LoggerStatic log
INFO: Wizzard can control Orks so they are not able to damage them.
Jän. 24, 2022 12:20:16 PM at.technikum.logger.LoggerStatic log
INFO: Goblins are too afraid of Dragons to attack.
Jän. 24, 2022 12:20:16 PM at.technikum.logger.LoggerStatic log
INFO: Goblins are too afraid of Dragons to attack.
Jän. 24, 2022 12:20:16 PM at.technikum.logger.LoggerStatic log
INFO: The Kraken is immune against spells.
Jän. 24, 2022 12:20:16 PM at.technikum.logger.LoggerStatic log
INFO: The Kraken is immune against spells.
Jän. 24, 2022 12:20:16 PM at.technikum.logger.LoggerStatic log
INFO: water -> fire
Jän. 24, 2022 12:20:16 PM at.technikum.logger.LoggerStatic log
INFO: water -> fire
Jän. 24, 2022 12:20:16 PM at.technikum.logger.LoggerStatic log
INFO: The FireElves know Dragons since they were little and can evade their attacks.
Jän. 24, 2022 12:20:16 PM at.technikum.logger.LoggerStatic log
INFO: The FireElves know Dragons since they were little and can evade their attacks.
Jän. 24, 2022 12:20:16 PM at.technikum.logger.LoggerStatic log
INFO: normal -> water
Jän. 24, 2022 12:20:16 PM at.technikum.logger.LoggerStatic log
INFO: normal -> water
Jän. 24, 2022 12:20:16 PM at.technikum.logger.LoggerStatic log
INFO: normal -> water
Jän. 24, 2022 12:20:16 PM at.technikum.logger.LoggerStatic log
INFO: normal -> water
Jän. 24, 2022 12:20:16 PM at.technikum.logger.LoggerStatic log
INFO: normal -> water
Jän. 24, 2022 12:20:16 PM at.technikum.logger.LoggerStatic log
INFO: normal -> water
Jän. 24, 2022 12:20:16 PM at.technikum.logger.LoggerStatic log
INFO: normal -> water
Jän. 24, 2022 12:20:16 PM at.technikum.logger.LoggerStatic log
INFO: normal -> water
Jän. 24, 2022 12:20:16 PM at.technikum.logger.LoggerStatic log
INFO: fire -> normal
Jän. 24, 2022 12:20:16 PM at.technikum.logger.LoggerStatic log
INFO: fire -> normal
Jän. 24, 2022 12:20:16 PM at.technikum.logger.LoggerStatic log
INFO: fire -> normal
Jän. 24, 2022 12:20:16 PM at.technikum.logger.LoggerStatic log
INFO: fire -> normal
Jän. 24, 2022 12:20:16 PM at.technikum.logger.LoggerStatic log
INFO: fire -> normal
Jän. 24, 2022 12:20:16 PM at.technikum.logger.LoggerStatic log
INFO: fire -> normal
Jän. 24, 2022 12:20:16 PM at.technikum.logger.LoggerStatic log
INFO: fire -> normal
Jän. 24, 2022 12:20:16 PM at.technikum.logger.LoggerStatic log
INFO: fire -> normal
Jän. 24, 2022 12:20:16 PM at.technikum.logger.LoggerStatic log
INFO: The armor of Knights is so heavy that WaterSpells make them drown them instantly.
Jän. 24, 2022 12:20:16 PM at.technikum.logger.LoggerStatic log
INFO: The armor of Knights is so heavy that WaterSpells make them drown them instantly.
Jän. 24, 2022 12:20:18 PM at.technikum.logger.LoggerStatic log
INFO: ROUND:0
Jän. 24, 2022 12:20:18 PM at.technikum.logger.LoggerStatic log
INFO: PlayerA: Dragon(20000.0)VS PlayerB: Elf(1.0)
Jän. 24, 2022 12:20:18 PM at.technikum.logger.LoggerStatic log
INFO: Winner is Player A
Jän. 24, 2022 12:20:18 PM at.technikum.logger.LoggerStatic log
INFO: ROUND:1
Jän. 24, 2022 12:20:18 PM at.technikum.logger.LoggerStatic log
INFO: PlayerA: Elf(1.0)VS PlayerB: Elf(1.0)
Jän. 24, 2022 12:20:18 PM at.technikum.logger.LoggerStatic log
INFO: The game is a draw
Jän. 24, 2022 12:20:18 PM at.technikum.logger.LoggerStatic log
INFO: ROUND:2
Jän. 24, 2022 12:20:18 PM at.technikum.logger.LoggerStatic log
INFO: PlayerA: Dragon(20000.0)VS PlayerB: Elf(1.0)
Jän. 24, 2022 12:20:18 PM at.technikum.logger.LoggerStatic log
INFO: Winner is Player A
Jän. 24, 2022 12:20:18 PM at.technikum.logger.LoggerStatic log
INFO: ROUND:3
Jän. 24, 2022 12:20:18 PM at.technikum.logger.LoggerStatic log
INFO: PlayerA: Dragon(20000.0)VS PlayerB: Elf(1.0)
Jän. 24, 2022 12:20:18 PM at.technikum.logger.LoggerStatic log
INFO: Winner is Player A
Jän. 24, 2022 12:20:18 PM at.technikum.logger.LoggerStatic log
INFO: ROUND:4
Jän. 24, 2022 12:20:18 PM at.technikum.logger.LoggerStatic log
INFO: PlayerA: Elf(1.0)VS PlayerB: Elf(1.0)
Jän. 24, 2022 12:20:18 PM at.technikum.logger.LoggerStatic log
INFO: The game is a draw
Jän. 24, 2022 12:20:18 PM at.technikum.logger.LoggerStatic log
INFO: ROUND:5
Jän. 24, 2022 12:20:18 PM at.technikum.logger.LoggerStatic log
INFO: PlayerA: Elf(1.0)VS PlayerB: Elf(1.0)
Jän. 24, 2022 12:20:18 PM at.technikum.logger.LoggerStatic log
INFO: The game is a draw
Jän. 24, 2022 12:20:18 PM at.technikum.logger.LoggerStatic log
INFO: ROUND:6
Jän. 24, 2022 12:20:18 PM at.technikum.logger.LoggerStatic log
INFO: PlayerA: Dragon(20000.0)VS PlayerB: Elf(1.0)
Jän. 24, 2022 12:20:18 PM at.technikum.logger.LoggerStatic log
INFO: Winner is Player A
Jän. 24, 2022 12:20:18 PM at.technikum.logger.LoggerStatic log
INFO: 
WINNER : PlayerPlayerA
Jän. 24, 2022 12:20:19 PM at.technikum.logger.LoggerStatic log
INFO: Username exist already
Jän. 24, 2022 12:20:19 PM at.technikum.logger.LoggerStatic log
INFO: ERROR - Password is wrong! 
Jän. 24, 2022 12:20:19 PM at.technikum.logger.LoggerStatic log
INFO: Username exist already
