Jän. 21, 2022 3:37:19 AM at.technikum.logger.LoggerStatic log
INFO: 
Start Game

Jän. 21, 2022 3:41:56 AM at.technikum.logger.LoggerStatic log
INFO: 
# REGISTER

Jän. 21, 2022 3:41:56 AM at.technikum.logger.LoggerStatic log
INFO: 
 REGISTER SUCCESS

Jän. 21, 2022 3:41:56 AM at.technikum.logger.LoggerStatic log
INFO: 
# REGISTER

Jän. 21, 2022 3:41:56 AM at.technikum.logger.LoggerStatic log
INFO: 
 REGISTER SUCCESS

Jän. 21, 2022 3:41:56 AM at.technikum.logger.LoggerStatic log
INFO: 
# REGISTER

Jän. 21, 2022 3:41:56 AM at.technikum.logger.LoggerStatic log
INFO: 
 REGISTER SUCCESS

Jän. 21, 2022 3:41:56 AM at.technikum.logger.LoggerStatic log
INFO: 
# REGISTER

Jän. 21, 2022 3:41:56 AM at.technikum.logger.LoggerStatic log
INFO: 
# REGISTER

Jän. 21, 2022 3:41:56 AM at.technikum.logger.LoggerStatic log
INFO: 
# LOGIN

Jän. 21, 2022 3:41:56 AM at.technikum.logger.LoggerStatic log
INFO: 
# LOGIN

Jän. 21, 2022 3:41:56 AM at.technikum.logger.LoggerStatic log
INFO: 
# LOGIN

Jän. 21, 2022 3:41:56 AM at.technikum.logger.LoggerStatic log
INFO: 
# LOGIN

Jän. 21, 2022 3:41:56 AM at.technikum.logger.LoggerStatic log
INFO: 
CREATE PACKAGE

Jän. 21, 2022 3:41:56 AM at.technikum.logger.LoggerStatic log
INFO: 
PACKAGE CREATED - OK

Jän. 21, 2022 3:41:57 AM at.technikum.logger.LoggerStatic log
INFO: 
CREATE PACKAGE

Jän. 21, 2022 3:41:57 AM at.technikum.logger.LoggerStatic log
INFO: 
PACKAGE CREATED - OK

Jän. 21, 2022 3:41:57 AM at.technikum.logger.LoggerStatic log
INFO: 
CREATE PACKAGE

Jän. 21, 2022 3:41:57 AM at.technikum.logger.LoggerStatic log
INFO: 
PACKAGE CREATED - OK

Jän. 21, 2022 3:41:57 AM at.technikum.logger.LoggerStatic log
INFO: 
CREATE PACKAGE

Jän. 21, 2022 3:41:57 AM at.technikum.logger.LoggerStatic log
INFO: 
PACKAGE CREATED - OK

Jän. 21, 2022 3:41:57 AM at.technikum.logger.LoggerStatic log
INFO: 
CREATE PACKAGE

Jän. 21, 2022 3:41:57 AM at.technikum.logger.LoggerStatic log
INFO: 
PACKAGE CREATED - OK

Jän. 21, 2022 3:41:57 AM at.technikum.logger.LoggerStatic log
INFO: 
CREATE PACKAGE

Jän. 21, 2022 3:41:57 AM at.technikum.logger.LoggerStatic log
INFO: 
PACKAGE CREATED - OK

Jän. 21, 2022 3:41:57 AM at.technikum.logger.LoggerStatic log
INFO: 
# PACKAGE - BUY

Jän. 21, 2022 3:41:57 AM at.technikum.logger.LoggerStatic log
INFO: 
PACKAGE SOLD!

Jän. 21, 2022 3:41:57 AM at.technikum.logger.LoggerStatic log
INFO: 
# PACKAGE - BUY

Jän. 21, 2022 3:41:57 AM at.technikum.logger.LoggerStatic log
INFO: 
PACKAGE SOLD!

Jän. 21, 2022 3:41:57 AM at.technikum.logger.LoggerStatic log
INFO: 
# PACKAGE - BUY

Jän. 21, 2022 3:41:58 AM at.technikum.logger.LoggerStatic log
INFO: 
PACKAGE SOLD!

Jän. 21, 2022 3:41:58 AM at.technikum.logger.LoggerStatic log
INFO: 
# PACKAGE - BUY

Jän. 21, 2022 3:41:58 AM at.technikum.logger.LoggerStatic log
INFO: 
PACKAGE SOLD!

Jän. 21, 2022 3:41:58 AM at.technikum.logger.LoggerStatic log
INFO: 
# PACKAGE - BUY

Jän. 21, 2022 3:41:59 AM at.technikum.logger.LoggerStatic log
INFO: 
(NO MONEY)

Jän. 21, 2022 3:41:59 AM at.technikum.logger.LoggerStatic log
INFO: 
# PACKAGE - BUY

Jän. 21, 2022 3:41:59 AM at.technikum.logger.LoggerStatic log
INFO: 
PACKAGE SOLD!

Jän. 21, 2022 3:41:59 AM at.technikum.logger.LoggerStatic log
INFO: 
# PACKAGE - BUY

Jän. 21, 2022 3:41:59 AM at.technikum.logger.LoggerStatic log
INFO: 
PACKAGE SOLD!

Jän. 21, 2022 3:41:59 AM at.technikum.logger.LoggerStatic log
INFO: 
# PACKAGE - BUY

Jän. 21, 2022 3:41:59 AM at.technikum.logger.LoggerStatic log
INFO: 
(NO PACKAGE)

Jän. 21, 2022 3:41:59 AM at.technikum.logger.LoggerStatic log
INFO: 
CREATE PACKAGE

Jän. 21, 2022 3:41:59 AM at.technikum.logger.LoggerStatic log
INFO: 
PACKAGE CREATED - OK

Jän. 21, 2022 3:41:59 AM at.technikum.logger.LoggerStatic log
INFO: 
CREATE PACKAGE

Jän. 21, 2022 3:41:59 AM at.technikum.logger.LoggerStatic log
INFO: 
PACKAGE CREATED - OK

Jän. 21, 2022 3:41:59 AM at.technikum.logger.LoggerStatic log
INFO: 
CREATE PACKAGE

Jän. 21, 2022 3:41:59 AM at.technikum.logger.LoggerStatic log
INFO: 
PACKAGE CREATED - OK

Jän. 21, 2022 3:41:59 AM at.technikum.logger.LoggerStatic log
INFO: 
# PACKAGE - BUY

Jän. 21, 2022 3:42:00 AM at.technikum.logger.LoggerStatic log
INFO: 
PACKAGE SOLD!

Jän. 21, 2022 3:42:00 AM at.technikum.logger.LoggerStatic log
INFO: 
# PACKAGE - BUY

Jän. 21, 2022 3:42:00 AM at.technikum.logger.LoggerStatic log
INFO: 
PACKAGE SOLD!

Jän. 21, 2022 3:42:00 AM at.technikum.logger.LoggerStatic log
INFO: 
# PACKAGE - BUY

Jän. 21, 2022 3:42:01 AM at.technikum.logger.LoggerStatic log
INFO: 
(NO MONEY)

Jän. 21, 2022 3:42:01 AM at.technikum.logger.LoggerStatic log
INFO: 
# STACK

Jän. 21, 2022 3:42:01 AM at.technikum.logger.LoggerStatic log
INFO: 
LOADING FINISHED!

Jän. 21, 2022 3:42:01 AM at.technikum.logger.LoggerStatic log
INFO: 
# STACK

Jän. 21, 2022 3:42:01 AM at.technikum.logger.LoggerStatic log
INFO: 
# STACK

Jän. 21, 2022 3:42:01 AM at.technikum.logger.LoggerStatic log
INFO: 
LOADING FINISHED!

Jän. 21, 2022 3:42:01 AM at.technikum.logger.LoggerStatic log
INFO: 
"# LOAD DECK"

Jän. 21, 2022 3:42:01 AM at.technikum.logger.LoggerStatic log
INFO: 
DECK EMPTY

Jän. 21, 2022 3:42:01 AM at.technikum.logger.LoggerStatic log
INFO: 
"# LOAD DECK"

Jän. 21, 2022 3:42:01 AM at.technikum.logger.LoggerStatic log
INFO: 
DECK EMPTY

Jän. 21, 2022 3:42:01 AM at.technikum.logger.LoggerStatic log
INFO: 
## NEW DECK 

Jän. 21, 2022 3:42:02 AM at.technikum.logger.LoggerStatic log
INFO: 
SET NEW DECK!

Jän. 21, 2022 3:42:02 AM at.technikum.logger.LoggerStatic log
INFO: 
"# LOAD DECK"

Jän. 21, 2022 3:42:02 AM at.technikum.logger.LoggerStatic log
INFO: 
"LOADING FINISHED!"

Jän. 21, 2022 3:42:02 AM at.technikum.logger.LoggerStatic log
INFO: 
## NEW DECK 

Jän. 21, 2022 3:42:02 AM at.technikum.logger.LoggerStatic log
INFO: 
SET NEW DECK!

Jän. 21, 2022 3:42:02 AM at.technikum.logger.LoggerStatic log
INFO: 
"# LOAD DECK"

Jän. 21, 2022 3:42:02 AM at.technikum.logger.LoggerStatic log
INFO: 
"LOADING FINISHED!"

Jän. 21, 2022 3:42:02 AM at.technikum.logger.LoggerStatic log
INFO: 
## NEW DECK 

Jän. 21, 2022 3:42:02 AM at.technikum.logger.LoggerStatic log
INFO: 
SET NEW DECK - ERROR

Jän. 21, 2022 3:42:02 AM at.technikum.logger.LoggerStatic log
INFO: 
"# LOAD DECK"

Jän. 21, 2022 3:42:02 AM at.technikum.logger.LoggerStatic log
INFO: 
"LOADING FINISHED!"

Jän. 21, 2022 3:42:02 AM at.technikum.logger.LoggerStatic log
INFO: 
## NEW DECK 

Jän. 21, 2022 3:42:03 AM at.technikum.logger.LoggerStatic log
INFO: 
SET NEW DECK - ERROR

Jän. 21, 2022 3:42:03 AM at.technikum.logger.LoggerStatic log
INFO: 
"# LOAD DECK"

Jän. 21, 2022 3:42:03 AM at.technikum.logger.LoggerStatic log
INFO: 
"LOADING FINISHED!"

Jän. 21, 2022 3:42:03 AM at.technikum.logger.LoggerStatic log
INFO: 
"# LOAD DECK"

Jän. 21, 2022 3:42:03 AM at.technikum.logger.LoggerStatic log
INFO: 
"LOADING FINISHED!"

Jän. 21, 2022 3:42:03 AM at.technikum.logger.LoggerStatic log
INFO: 
LOAD DECK

Jän. 21, 2022 3:42:03 AM at.technikum.logger.LoggerStatic log
INFO: 
LOADING FINISHED!

Jän. 21, 2022 3:42:03 AM at.technikum.logger.LoggerStatic log
INFO: 
LOAD DECK

Jän. 21, 2022 3:42:03 AM at.technikum.logger.LoggerStatic log
INFO: 
LOADING FINISHED!

Jän. 21, 2022 3:42:03 AM at.technikum.logger.LoggerStatic log
INFO: 
# Profil 

Jän. 21, 2022 3:42:03 AM at.technikum.logger.LoggerStatic log
INFO: 
LOADING FINISHED!

Jän. 21, 2022 3:42:03 AM at.technikum.logger.LoggerStatic log
INFO: 
# Profil 

Jän. 21, 2022 3:42:03 AM at.technikum.logger.LoggerStatic log
INFO: 
LOADING FINISHED!

Jän. 21, 2022 3:42:04 AM at.technikum.logger.LoggerStatic log
INFO: 
# Profil 

Jän. 21, 2022 3:42:04 AM at.technikum.logger.LoggerStatic log
INFO: 
LOADING FINISHED!

Jän. 21, 2022 3:42:04 AM at.technikum.logger.LoggerStatic log
INFO: 
# Profil 

Jän. 21, 2022 3:42:04 AM at.technikum.logger.LoggerStatic log
INFO: 
LOADING FINISHED!

Jän. 21, 2022 3:42:04 AM at.technikum.logger.LoggerStatic log
INFO: 
# Profil 

Jän. 21, 2022 3:42:04 AM at.technikum.logger.LoggerStatic log
INFO: 
USER NOT AUTH

Jän. 21, 2022 3:42:04 AM at.technikum.logger.LoggerStatic log
INFO: 
# Profil 

Jän. 21, 2022 3:42:04 AM at.technikum.logger.LoggerStatic log
INFO: 
USER NOT AUTH

Jän. 21, 2022 3:42:05 AM at.technikum.logger.LoggerStatic log
INFO: 
# Profil 

Jän. 21, 2022 3:42:05 AM at.technikum.logger.LoggerStatic log
INFO: 
USER NOT AUTH

Jän. 21, 2022 3:42:05 AM at.technikum.logger.LoggerStatic log
INFO: 
 # STATUS

Jän. 21, 2022 3:42:05 AM at.technikum.logger.LoggerStatic log
INFO: 
LOADING FINISHED!

Jän. 21, 2022 3:42:05 AM at.technikum.logger.LoggerStatic log
INFO: 
 # STATUS

Jän. 21, 2022 3:42:05 AM at.technikum.logger.LoggerStatic log
INFO: 
LOADING FINISHED!

Jän. 21, 2022 3:42:05 AM at.technikum.logger.LoggerStatic log
INFO: 
 # SCORE 

Jän. 21, 2022 3:42:05 AM at.technikum.logger.LoggerStatic log
INFO: 
LOADING FINISHED!

Jän. 21, 2022 3:42:05 AM at.technikum.logger.LoggerStatic log
INFO: 
START GAME

Jän. 21, 2022 3:42:05 AM at.technikum.logger.LoggerStatic log
INFO: 
START GAME

Jän. 21, 2022 3:42:14 AM at.technikum.logger.LoggerStatic log
INFO: 
 # STATUS

Jän. 21, 2022 3:42:14 AM at.technikum.logger.LoggerStatic log
INFO: 
LOADING FINISHED!

Jän. 21, 2022 3:42:14 AM at.technikum.logger.LoggerStatic log
INFO: 
 # STATUS

Jän. 21, 2022 3:42:15 AM at.technikum.logger.LoggerStatic log
INFO: 
LOADING FINISHED!

Jän. 21, 2022 3:42:15 AM at.technikum.logger.LoggerStatic log
INFO: 
 # SCORE 

Jän. 21, 2022 3:42:15 AM at.technikum.logger.LoggerStatic log
INFO: 
LOADING FINISHED!

Jän. 21, 2022 3:42:15 AM at.technikum.logger.LoggerStatic log
INFO: 
TRADE

Jän. 21, 2022 3:42:15 AM at.technikum.logger.LoggerStatic log
INFO: 
NO TRADING

Jän. 21, 2022 3:42:15 AM at.technikum.logger.LoggerStatic log
INFO: 
CREATE TRADE SUCCESS

Jän. 21, 2022 3:42:15 AM at.technikum.logger.LoggerStatic log
INFO: 
TRADE

Jän. 21, 2022 3:42:15 AM at.technikum.logger.LoggerStatic log
INFO: 
LOADING FINISHED!

Jän. 21, 2022 3:42:15 AM at.technikum.logger.LoggerStatic log
INFO: 
TRADE

Jän. 21, 2022 3:42:15 AM at.technikum.logger.LoggerStatic log
INFO: 
NO TRADING

Jän. 21, 2022 3:42:15 AM at.technikum.logger.LoggerStatic log
INFO: 
TRADE

Jän. 21, 2022 3:42:15 AM at.technikum.logger.LoggerStatic log
INFO: 
NO TRADING

Jän. 21, 2022 3:42:16 AM at.technikum.logger.LoggerStatic log
INFO: 
CREATE TRADE SUCCESS

Jän. 21, 2022 3:42:16 AM at.technikum.logger.LoggerStatic log
INFO: 
TRADE

Jän. 21, 2022 3:42:16 AM at.technikum.logger.LoggerStatic log
INFO: 
LOADING FINISHED!

Jän. 21, 2022 3:42:16 AM at.technikum.logger.LoggerStatic log
INFO: 
TRADE

Jän. 21, 2022 3:42:16 AM at.technikum.logger.LoggerStatic log
INFO: 
NO TRADING

Jän. 21, 2022 3:42:16 AM at.technikum.logger.LoggerStatic log
INFO: 
TRADE

Jän. 21, 2022 3:42:16 AM at.technikum.logger.LoggerStatic log
INFO: 
LOADING FINISHED!

Jän. 21, 2022 3:42:16 AM at.technikum.logger.LoggerStatic log
INFO: 
TRADE

Jän. 21, 2022 3:42:16 AM at.technikum.logger.LoggerStatic log
INFO: 
NO TRADING

Jän. 21, 2022 3:51:14 AM at.technikum.logger.LoggerStatic log
INFO: 
Start Game

Jän. 21, 2022 3:51:32 AM at.technikum.logger.LoggerStatic log
INFO: 
Start Game

